<?xml version="1.0" encoding="UTF-8"?>
<!-- Generated by org.testng.reporters.JUnitReportReporter -->
<testsuite hostname="DESKTOP-810HFUA" failures="0" tests="2" name="GridTest.TestGrid3" time="39.867" errors="0" timestamp="2023-06-22T03:22:51 IST" skipped="0">
  <testcase classname="GridTest.TestGrid3" name="Test1" time="23.229"/>
  <system-out/>
  <testcase classname="GridTest.TestGrid3" name="Test1" time="16.638"/>
  <system-out/>
</testsuite> <!-- GridTest.TestGrid3 -->
