<?xml version="1.0" encoding="UTF-8"?>
<!-- Generated by org.testng.reporters.JUnitReportReporter -->
<testsuite hostname="DESKTOP-810HFUA" failures="0" tests="1" name="org.AutomationExercise.TestCE4" time="19.211" errors="0" timestamp="2023-06-21T12:39:29 IST" skipped="0">
  <testcase classname="org.AutomationExercise.TestCE4" name="Scenarios" time="19.211"/>
  <system-out/>
</testsuite> <!-- org.AutomationExercise.TestCE4 -->
