<?xml version="1.0" encoding="UTF-8"?>
<!-- Generated by org.testng.reporters.JUnitReportReporter -->
<testsuite hostname="DESKTOP-810HFUA" failures="0" tests="1" name="AutomationExercise.manipalCP.Test1" time="22.023" errors="0" timestamp="20 Jun 2023 11:30:56 GMT" skipped="0">
  <testcase classname="AutomationExercise.manipalCP.Test1" name="Scenarios" time="22.023"/>
</testsuite> <!-- AutomationExercise.manipalCP.Test1 -->
