<?xml version="1.0" encoding="UTF-8"?>
<!-- Generated by org.testng.reporters.JUnitReportReporter -->
<testsuite hostname="DESKTOP-810HFUA" failures="0" tests="1" name="org.AutomationExercise.TestCE5" time="32.237" errors="0" timestamp="2023-06-21T14:35:36 IST" skipped="0">
  <testcase classname="org.AutomationExercise.TestCE5" name="Scenarios" time="32.237"/>
  <system-out/>
</testsuite> <!-- org.AutomationExercise.TestCE5 -->
