<?xml version="1.0" encoding="UTF-8"?>
<!-- Generated by org.testng.reporters.JUnitReportReporter -->
<testsuite hostname="DESKTOP-810HFUA" failures="0" tests="2" name="GridTest.TestGrid1" time="89.031" errors="0" timestamp="2023-06-22T03:22:51 IST" skipped="0">
  <testcase classname="GridTest.TestGrid1" name="Test1" time="51.758"/>
  <system-out/>
  <testcase classname="GridTest.TestGrid1" name="Test1" time="37.273"/>
  <system-out/>
</testsuite> <!-- GridTest.TestGrid1 -->
