<?xml version="1.0" encoding="UTF-8"?>
<!-- Generated by org.testng.reporters.JUnitReportReporter -->
<testsuite hostname="DESKTOP-810HFUA" failures="0" tests="2" name="GridTest.TestGrid2" time="49.905" errors="0" timestamp="2023-06-22T03:22:51 IST" skipped="0">
  <testcase classname="GridTest.TestGrid2" name="Test1" time="22.729"/>
  <system-out/>
  <testcase classname="GridTest.TestGrid2" name="Test1" time="27.176"/>
  <system-out/>
</testsuite> <!-- GridTest.TestGrid2 -->
