<?xml version="1.0" encoding="UTF-8"?>
<!-- Generated by org.testng.reporters.JUnitReportReporter -->
<testsuite hostname="DESKTOP-810HFUA" failures="0" tests="1" name="org.AutomationExercise.TestCE6" time="7.510" errors="0" timestamp="2023-06-21T14:58:51 IST" skipped="0">
  <testcase classname="org.AutomationExercise.TestCE6" name="Scenarios" time="7.510"/>
  <system-out/>
</testsuite> <!-- org.AutomationExercise.TestCE6 -->
